<?xml version="1.0" encoding="UTF-8"?>
<testsuite xmlns:xsi="http://www.w3.org/2001/XMLSchema-instance" xsi:noNamespaceSchemaLocation="https://maven.apache.org/surefire/maven-surefire-plugin/xsd/surefire-test-report.xsd" version="3.0.2" name="com.veapre.kafka0226.Kafka0226ApplicationTests" time="0.829" tests="1" errors="0" skipped="0" failures="0">
  <properties>
[...]
</properties>
  <testcase name="contextLoads" classname="com.veapre.kafka0226.Kafka0226ApplicationTests" time="0.299">
    <system-out><![CDATA[21:10:36.967 [main] INFO org.springframework.test.context.support.AnnotationConfigContextLoaderUtils -- Could not detect default configuration classes for test class [com.veapre.kafka0226.Kafka0226ApplicationTests]: Kafka0226ApplicationTests does not declare any static, non-private, non-final, nested classes annotated with @Configuration.
21:10:36.998 [main] INFO org.springframework.boot.test.context.SpringBootTestContextBootstrapper -- Found @SpringBootConfiguration com.veapre.kafka0226.Kafka0226Application for test class com.veapre.kafka0226.Kafka0226ApplicationTests
21:10:37.044 [main] INFO org.springframework.boot.devtools.restart.RestartApplicationListener -- Restart disabled due to context in which it is running

  .   ____          _            __ _ _
 /\\ / ___'_ __ _ _(_)_ __  __ _ \ \ \ \
( ( )\___ | '_ | '_| | '_ \/ _` | \ \ \ \
 \\/  ___)| |_)| | | | | || (_| |  ) ) ) )
  '  |____| .__|_| |_|_| |_\__, | / / / /
 =========|_|==============|___/=/_/_/_/

 :: Spring Boot ::       (v4.1.0-SNAPSHOT)

2026-02-18T21:10:37.134-05:00  INFO 4292 --- [kafka0226] [           main] c.v.kafka0226.Kafka0226ApplicationTests  : Starting Kafka0226ApplicationTests using Java 21.0.9 with PID 4292 (started by venkat in /Users/venkat/Venkat/Udemy/git/kafka)
2026-02-18T21:10:37.134-05:00  INFO 4292 --- [kafka0226] [           main] c.v.kafka0226.Kafka0226ApplicationTests  : No active profile set, falling back to 1 default profile: "default"
2026-02-18T21:10:37.467-05:00  INFO 4292 --- [kafka0226] [           main] c.v.kafka0226.Kafka0226ApplicationTests  : Started Kafka0226ApplicationTests in 0.427 seconds (process running for 0.758)
]]></system-out>
    <system-err><![CDATA[Mockito is currently self-attaching to enable the inline-mock-maker. This will no longer work in future releases of the JDK. Please add Mockito as an agent to your build as described in Mockito's documentation: https://javadoc.io/doc/org.mockito/mockito-core/latest/org.mockito/org/mockito/Mockito.html#0.3
WARNING: A Java agent has been loaded dynamically (/Users/venkat/.m2/repository/net/bytebuddy/byte-buddy-agent/1.18.5/byte-buddy-agent-1.18.5.jar)
WARNING: If a serviceability tool is in use, please run with -XX:+EnableDynamicAgentLoading to hide this warning
WARNING: If a serviceability tool is not in use, please run with -Djdk.instrument.traceUsage for more information
WARNING: Dynamic loading of agents will be disallowed by default in a future release
]]></system-err>
  </testcase>
</testsuite>